<?xml version="1.0" encoding="UTF-8"?>
<testng-results ignored="0" total="2" passed="2" failed="0" skipped="0">
  <reporter-output>
  </reporter-output>
  <suite started-at="2026-03-30T02:41:34 EET" name="Default suite" finished-at="2026-03-30T02:42:18 EET" duration-ms="44776">
    <groups>
    </groups>
    <test started-at="2026-03-30T02:41:34 EET" name="Default test" finished-at="2026-03-30T02:42:18 EET" duration-ms="44776">
      <class name="almosafer.Search_Hotel_Test">
        <test-method is-config="true" signature="setup()[pri:0, instance:almosafer.Search_Hotel_Test@260e86a1]" started-at="2026-03-30T02:41:34 EET" name="setup" finished-at="2026-03-30T02:41:39 EET" duration-ms="5117" status="PASS">
          <reporter-output>
          </reporter-output>
        </test-method> <!-- setup -->
        <test-method signature="check_url()[pri:1, instance:almosafer.Search_Hotel_Test@260e86a1]" started-at="2026-03-30T02:41:39 EET" name="check_url" finished-at="2026-03-30T02:41:45 EET" duration-ms="6110" status="PASS">
          <reporter-output>
          </reporter-output>
        </test-method> <!-- check_url -->
        <test-method signature="Search_for_hotel()[pri:2, instance:almosafer.Search_Hotel_Test@260e86a1]" started-at="2026-03-30T02:41:45 EET" name="Search_for_hotel" finished-at="2026-03-30T02:42:18 EET" duration-ms="32710" status="PASS">
          <reporter-output>
          </reporter-output>
        </test-method> <!-- Search_for_hotel -->
        <test-method is-config="true" signature="complete_testing()[pri:0, instance:almosafer.Search_Hotel_Test@260e86a1]" started-at="2026-03-30T02:42:18 EET" name="complete_testing" finished-at="2026-03-30T02:42:18 EET" duration-ms="775" status="PASS">
          <reporter-output>
          </reporter-output>
        </test-method> <!-- complete_testing -->
      </class> <!-- almosafer.Search_Hotel_Test -->
    </test> <!-- Default test -->
  </suite> <!-- Default suite -->
</testng-results>
