<?xml version="1.0" encoding="UTF-8"?>
<!-- Generated by org.testng.reporters.JUnitReportReporter -->
<testsuite hostname="LAPTOP-SG0J3C1S" failures="0" tests="4" name="almosafer.Hotel_TestCases" time="130.124" errors="0" timestamp="2026-03-30T00:31:28 EET" skipped="1">
  <testcase classname="almosafer.Hotel_TestCases" name="check_url" time="39.178"/>
  <testcase classname="almosafer.Hotel_TestCases" name="scroll" time="1.043"/>
  <testcase classname="almosafer.Hotel_TestCases" name="print_all_the_feedbackk" time="89.903"/>
  <testcase classname="almosafer.Hotel_TestCases" name="print_all_the_feedback">
    <skipped/>
  </testcase> <!-- print_all_the_feedback -->
</testsuite> <!-- almosafer.Hotel_TestCases -->
